INFO:     Started server process [5579]
INFO:     Waiting for application startup.
2026-03-14 04:24:08,088 - app.main - INFO - Starting Social Network API v1.0.0
2026-03-14 04:24:08,090 INFO sqlalchemy.engine.Engine BEGIN (implicit)
2026-03-14 04:24:08,090 - sqlalchemy.engine.Engine - INFO - BEGIN (implicit)
2026-03-14 04:24:08,090 INFO sqlalchemy.engine.Engine PRAGMA main.table_info("users")
2026-03-14 04:24:08,090 - sqlalchemy.engine.Engine - INFO - PRAGMA main.table_info("users")
2026-03-14 04:24:08,090 INFO sqlalchemy.engine.Engine [raw sql] ()
2026-03-14 04:24:08,090 - sqlalchemy.engine.Engine - INFO - [raw sql] ()
2026-03-14 04:24:08,091 INFO sqlalchemy.engine.Engine PRAGMA main.table_info("follows")
2026-03-14 04:24:08,091 - sqlalchemy.engine.Engine - INFO - PRAGMA main.table_info("follows")
2026-03-14 04:24:08,091 INFO sqlalchemy.engine.Engine [raw sql] ()
2026-03-14 04:24:08,091 - sqlalchemy.engine.Engine - INFO - [raw sql] ()
2026-03-14 04:24:08,092 INFO sqlalchemy.engine.Engine PRAGMA main.table_info("messages")
2026-03-14 04:24:08,092 - sqlalchemy.engine.Engine - INFO - PRAGMA main.table_info("messages")
2026-03-14 04:24:08,092 INFO sqlalchemy.engine.Engine [raw sql] ()
2026-03-14 04:24:08,092 - sqlalchemy.engine.Engine - INFO - [raw sql] ()
2026-03-14 04:24:08,092 INFO sqlalchemy.engine.Engine PRAGMA main.table_info("chats")
2026-03-14 04:24:08,092 - sqlalchemy.engine.Engine - INFO - PRAGMA main.table_info("chats")
2026-03-14 04:24:08,092 INFO sqlalchemy.engine.Engine [raw sql] ()
2026-03-14 04:24:08,092 - sqlalchemy.engine.Engine - INFO - [raw sql] ()
2026-03-14 04:24:08,092 INFO sqlalchemy.engine.Engine PRAGMA main.table_info("chat_participants")
2026-03-14 04:24:08,092 - sqlalchemy.engine.Engine - INFO - PRAGMA main.table_info("chat_participants")
2026-03-14 04:24:08,092 INFO sqlalchemy.engine.Engine [raw sql] ()
2026-03-14 04:24:08,092 - sqlalchemy.engine.Engine - INFO - [raw sql] ()
2026-03-14 04:24:08,092 INFO sqlalchemy.engine.Engine PRAGMA main.table_info("posts")
2026-03-14 04:24:08,092 - sqlalchemy.engine.Engine - INFO - PRAGMA main.table_info("posts")
2026-03-14 04:24:08,092 INFO sqlalchemy.engine.Engine [raw sql] ()
2026-03-14 04:24:08,092 - sqlalchemy.engine.Engine - INFO - [raw sql] ()
2026-03-14 04:24:08,093 INFO sqlalchemy.engine.Engine PRAGMA main.table_info("post_likes")
2026-03-14 04:24:08,093 - sqlalchemy.engine.Engine - INFO - PRAGMA main.table_info("post_likes")
2026-03-14 04:24:08,093 INFO sqlalchemy.engine.Engine [raw sql] ()
2026-03-14 04:24:08,093 - sqlalchemy.engine.Engine - INFO - [raw sql] ()
2026-03-14 04:24:08,093 INFO sqlalchemy.engine.Engine PRAGMA main.table_info("comments")
2026-03-14 04:24:08,093 - sqlalchemy.engine.Engine - INFO - PRAGMA main.table_info("comments")
2026-03-14 04:24:08,093 INFO sqlalchemy.engine.Engine [raw sql] ()
2026-03-14 04:24:08,093 - sqlalchemy.engine.Engine - INFO - [raw sql] ()
2026-03-14 04:24:08,093 INFO sqlalchemy.engine.Engine COMMIT
2026-03-14 04:24:08,093 - sqlalchemy.engine.Engine - INFO - COMMIT
2026-03-14 04:24:08,094 INFO sqlalchemy.engine.Engine BEGIN (implicit)
2026-03-14 04:24:08,094 - sqlalchemy.engine.Engine - INFO - BEGIN (implicit)
2026-03-14 04:24:08,094 INFO sqlalchemy.engine.Engine PRAGMA main.table_info("users")
2026-03-14 04:24:08,094 - sqlalchemy.engine.Engine - INFO - PRAGMA main.table_info("users")
2026-03-14 04:24:08,094 INFO sqlalchemy.engine.Engine [raw sql] ()
2026-03-14 04:24:08,094 - sqlalchemy.engine.Engine - INFO - [raw sql] ()
2026-03-14 04:24:08,094 INFO sqlalchemy.engine.Engine PRAGMA main.table_info("follows")
2026-03-14 04:24:08,094 - sqlalchemy.engine.Engine - INFO - PRAGMA main.table_info("follows")
2026-03-14 04:24:08,094 INFO sqlalchemy.engine.Engine [raw sql] ()
2026-03-14 04:24:08,094 - sqlalchemy.engine.Engine - INFO - [raw sql] ()
2026-03-14 04:24:08,095 INFO sqlalchemy.engine.Engine PRAGMA main.table_info("messages")
2026-03-14 04:24:08,095 - sqlalchemy.engine.Engine - INFO - PRAGMA main.table_info("messages")
2026-03-14 04:24:08,095 INFO sqlalchemy.engine.Engine [raw sql] ()
2026-03-14 04:24:08,095 - sqlalchemy.engine.Engine - INFO - [raw sql] ()
2026-03-14 04:24:08,095 INFO sqlalchemy.engine.Engine PRAGMA main.table_info("chats")
2026-03-14 04:24:08,095 - sqlalchemy.engine.Engine - INFO - PRAGMA main.table_info("chats")
2026-03-14 04:24:08,095 INFO sqlalchemy.engine.Engine [raw sql] ()
2026-03-14 04:24:08,095 - sqlalchemy.engine.Engine - INFO - [raw sql] ()
2026-03-14 04:24:08,095 INFO sqlalchemy.engine.Engine PRAGMA main.table_info("chat_participants")
2026-03-14 04:24:08,095 - sqlalchemy.engine.Engine - INFO - PRAGMA main.table_info("chat_participants")
2026-03-14 04:24:08,095 INFO sqlalchemy.engine.Engine [raw sql] ()
2026-03-14 04:24:08,095 - sqlalchemy.engine.Engine - INFO - [raw sql] ()
2026-03-14 04:24:08,095 INFO sqlalchemy.engine.Engine PRAGMA main.table_info("posts")
2026-03-14 04:24:08,095 - sqlalchemy.engine.Engine - INFO - PRAGMA main.table_info("posts")
2026-03-14 04:24:08,095 INFO sqlalchemy.engine.Engine [raw sql] ()
2026-03-14 04:24:08,095 - sqlalchemy.engine.Engine - INFO - [raw sql] ()
2026-03-14 04:24:08,096 INFO sqlalchemy.engine.Engine PRAGMA main.table_info("post_likes")
2026-03-14 04:24:08,096 - sqlalchemy.engine.Engine - INFO - PRAGMA main.table_info("post_likes")
2026-03-14 04:24:08,096 INFO sqlalchemy.engine.Engine [raw sql] ()
2026-03-14 04:24:08,096 - sqlalchemy.engine.Engine - INFO - [raw sql] ()
2026-03-14 04:24:08,096 INFO sqlalchemy.engine.Engine PRAGMA main.table_info("comments")
2026-03-14 04:24:08,096 - sqlalchemy.engine.Engine - INFO - PRAGMA main.table_info("comments")
2026-03-14 04:24:08,096 INFO sqlalchemy.engine.Engine [raw sql] ()
2026-03-14 04:24:08,096 - sqlalchemy.engine.Engine - INFO - [raw sql] ()
2026-03-14 04:24:08,096 INFO sqlalchemy.engine.Engine COMMIT
2026-03-14 04:24:08,096 - sqlalchemy.engine.Engine - INFO - COMMIT
2026-03-14 04:24:08,096 INFO sqlalchemy.engine.Engine BEGIN (implicit)
2026-03-14 04:24:08,096 - sqlalchemy.engine.Engine - INFO - BEGIN (implicit)
2026-03-14 04:24:08,096 INFO sqlalchemy.engine.Engine PRAGMA main.table_info("users")
2026-03-14 04:24:08,096 - sqlalchemy.engine.Engine - INFO - PRAGMA main.table_info("users")
2026-03-14 04:24:08,096 INFO sqlalchemy.engine.Engine [raw sql] ()
2026-03-14 04:24:08,096 - sqlalchemy.engine.Engine - INFO - [raw sql] ()
2026-03-14 04:24:08,097 INFO sqlalchemy.engine.Engine PRAGMA main.table_info("follows")
2026-03-14 04:24:08,097 - sqlalchemy.engine.Engine - INFO - PRAGMA main.table_info("follows")
2026-03-14 04:24:08,097 INFO sqlalchemy.engine.Engine [raw sql] ()
2026-03-14 04:24:08,097 - sqlalchemy.engine.Engine - INFO - [raw sql] ()
2026-03-14 04:24:08,097 INFO sqlalchemy.engine.Engine PRAGMA main.table_info("messages")
2026-03-14 04:24:08,097 - sqlalchemy.engine.Engine - INFO - PRAGMA main.table_info("messages")
2026-03-14 04:24:08,097 INFO sqlalchemy.engine.Engine [raw sql] ()
2026-03-14 04:24:08,097 - sqlalchemy.engine.Engine - INFO - [raw sql] ()
2026-03-14 04:24:08,097 INFO sqlalchemy.engine.Engine PRAGMA main.table_info("chats")
2026-03-14 04:24:08,097 - sqlalchemy.engine.Engine - INFO - PRAGMA main.table_info("chats")
2026-03-14 04:24:08,097 INFO sqlalchemy.engine.Engine [raw sql] ()
2026-03-14 04:24:08,097 - sqlalchemy.engine.Engine - INFO - [raw sql] ()
2026-03-14 04:24:08,097 INFO sqlalchemy.engine.Engine PRAGMA main.table_info("chat_participants")
2026-03-14 04:24:08,097 - sqlalchemy.engine.Engine - INFO - PRAGMA main.table_info("chat_participants")
2026-03-14 04:24:08,098 INFO sqlalchemy.engine.Engine [raw sql] ()
2026-03-14 04:24:08,098 - sqlalchemy.engine.Engine - INFO - [raw sql] ()
2026-03-14 04:24:08,098 INFO sqlalchemy.engine.Engine PRAGMA main.table_info("posts")
2026-03-14 04:24:08,098 - sqlalchemy.engine.Engine - INFO - PRAGMA main.table_info("posts")
2026-03-14 04:24:08,098 INFO sqlalchemy.engine.Engine [raw sql] ()
2026-03-14 04:24:08,098 - sqlalchemy.engine.Engine - INFO - [raw sql] ()
2026-03-14 04:24:08,098 INFO sqlalchemy.engine.Engine PRAGMA main.table_info("post_likes")
2026-03-14 04:24:08,098 - sqlalchemy.engine.Engine - INFO - PRAGMA main.table_info("post_likes")
2026-03-14 04:24:08,098 INFO sqlalchemy.engine.Engine [raw sql] ()
2026-03-14 04:24:08,098 - sqlalchemy.engine.Engine - INFO - [raw sql] ()
2026-03-14 04:24:08,098 INFO sqlalchemy.engine.Engine PRAGMA main.table_info("comments")
2026-03-14 04:24:08,098 - sqlalchemy.engine.Engine - INFO - PRAGMA main.table_info("comments")
2026-03-14 04:24:08,098 INFO sqlalchemy.engine.Engine [raw sql] ()
2026-03-14 04:24:08,098 - sqlalchemy.engine.Engine - INFO - [raw sql] ()
2026-03-14 04:24:08,098 INFO sqlalchemy.engine.Engine COMMIT
2026-03-14 04:24:08,098 - sqlalchemy.engine.Engine - INFO - COMMIT
2026-03-14 04:24:08,099 - app.main - INFO - Database tables created
2026-03-14 04:24:08,099 - app.core.websocket_manager - INFO - Redis disabled (using default localhost URL).
2026-03-14 04:24:08,099 - app.main - INFO - WebSocket manager initialized
2026-03-14 04:24:08,099 - app.main - INFO - Application startup complete
INFO:     Application startup complete.
INFO:     Uvicorn running on http://0.0.0.0:8000 (Press CTRL+C to quit)
INFO:     Shutting down
INFO:     Waiting for application shutdown.
2026-03-14 04:24:21,756 - app.main - INFO - Shutting down application...
2026-03-14 04:24:21,756 - app.main - INFO - Application shutdown complete
INFO:     Application shutdown complete.
INFO:     Finished server process [5579]
